<?xml version="1.0" encoding="UTF-8"?>
<testng-results ignored="0" total="3" passed="3" failed="0" skipped="0">
  <reporter-output>
  </reporter-output>
  <suite started-at="2022-05-15T14:36:17 CDT" name="Default suite" finished-at="2022-05-15T14:37:44 CDT" duration-ms="86964">
    <groups>
    </groups>
    <test started-at="2022-05-15T14:36:17 CDT" name="Default test" finished-at="2022-05-15T14:37:44 CDT" duration-ms="86964">
      <class name="QaMax.QaMax.LoginAccount">
        <test-method is-config="true" signature="configure()[pri:0, instance:QaMax.QaMax.LoginAccount@24fcf36f]" started-at="2022-05-15T14:36:17 CDT" name="configure" finished-at="2022-05-15T14:36:27 CDT" duration-ms="10117" status="PASS">
          <reporter-output>
          </reporter-output>
        </test-method> <!-- configure -->
        <test-method is-config="true" signature="country()[pri:0, instance:QaMax.QaMax.LoginAccount@24fcf36f]" started-at="2022-05-15T14:36:27 CDT" name="country" finished-at="2022-05-15T14:36:32 CDT" duration-ms="4152" status="PASS">
          <reporter-output>
          </reporter-output>
        </test-method> <!-- country -->
        <test-method signature="memberLogin(java.lang.String,java.lang.String)[pri:0, instance:QaMax.QaMax.LoginAccount@24fcf36f]" started-at="2022-05-15T14:36:32 CDT" name="memberLogin" data-provider="information" finished-at="2022-05-15T14:36:45 CDT" duration-ms="13495" status="PASS">
          <params>
            <param index="0">
              <value>
                <![CDATA[jyyo123]]>
              </value>
            </param>
            <param index="1">
              <value>
                <![CDATA[Alpha1@3]]>
              </value>
            </param>
          </params>
          <reporter-output>
          </reporter-output>
        </test-method> <!-- memberLogin -->
        <test-method is-config="true" signature="afterLogin()[pri:0, instance:QaMax.QaMax.LoginAccount@24fcf36f]" started-at="2022-05-15T14:36:45 CDT" name="afterLogin" finished-at="2022-05-15T14:36:46 CDT" duration-ms="950" status="PASS">
          <reporter-output>
          </reporter-output>
        </test-method> <!-- afterLogin -->
        <test-method is-config="true" signature="configure()[pri:0, instance:QaMax.QaMax.LoginAccount@24fcf36f]" started-at="2022-05-15T14:36:46 CDT" name="configure" finished-at="2022-05-15T14:36:52 CDT" duration-ms="6242" status="PASS">
          <reporter-output>
          </reporter-output>
        </test-method> <!-- configure -->
        <test-method is-config="true" signature="country()[pri:0, instance:QaMax.QaMax.LoginAccount@24fcf36f]" started-at="2022-05-15T14:36:52 CDT" name="country" finished-at="2022-05-15T14:36:56 CDT" duration-ms="4161" status="PASS">
          <reporter-output>
          </reporter-output>
        </test-method> <!-- country -->
        <test-method signature="memberLogin(java.lang.String,java.lang.String)[pri:0, instance:QaMax.QaMax.LoginAccount@24fcf36f]" started-at="2022-05-15T14:36:56 CDT" name="memberLogin" data-provider="information" finished-at="2022-05-15T14:37:15 CDT" duration-ms="18901" status="PASS">
          <params>
            <param index="0">
              <value>
                <![CDATA[jyo123]]>
              </value>
            </param>
            <param index="1">
              <value>
                <![CDATA[Alpha1@3]]>
              </value>
            </param>
          </params>
          <reporter-output>
          </reporter-output>
        </test-method> <!-- memberLogin -->
        <test-method is-config="true" signature="afterLogin()[pri:0, instance:QaMax.QaMax.LoginAccount@24fcf36f]" started-at="2022-05-15T14:37:15 CDT" name="afterLogin" finished-at="2022-05-15T14:37:17 CDT" duration-ms="1709" status="PASS">
          <reporter-output>
          </reporter-output>
        </test-method> <!-- afterLogin -->
        <test-method is-config="true" signature="configure()[pri:0, instance:QaMax.QaMax.LoginAccount@24fcf36f]" started-at="2022-05-15T14:37:17 CDT" name="configure" finished-at="2022-05-15T14:37:23 CDT" duration-ms="6091" status="PASS">
          <reporter-output>
          </reporter-output>
        </test-method> <!-- configure -->
        <test-method is-config="true" signature="country()[pri:0, instance:QaMax.QaMax.LoginAccount@24fcf36f]" started-at="2022-05-15T14:37:23 CDT" name="country" finished-at="2022-05-15T14:37:28 CDT" duration-ms="4417" status="PASS">
          <reporter-output>
          </reporter-output>
        </test-method> <!-- country -->
        <test-method signature="memberLogin(java.lang.String,java.lang.String)[pri:0, instance:QaMax.QaMax.LoginAccount@24fcf36f]" started-at="2022-05-15T14:37:28 CDT" name="memberLogin" data-provider="information" finished-at="2022-05-15T14:37:43 CDT" duration-ms="15772" status="PASS">
          <params>
            <param index="0">
              <value>
                <![CDATA[jyo123]]>
              </value>
            </param>
            <param index="1">
              <value>
                <![CDATA[Alha123]]>
              </value>
            </param>
          </params>
          <reporter-output>
          </reporter-output>
        </test-method> <!-- memberLogin -->
        <test-method is-config="true" signature="afterLogin()[pri:0, instance:QaMax.QaMax.LoginAccount@24fcf36f]" started-at="2022-05-15T14:37:43 CDT" name="afterLogin" finished-at="2022-05-15T14:37:44 CDT" duration-ms="845" status="PASS">
          <reporter-output>
          </reporter-output>
        </test-method> <!-- afterLogin -->
      </class> <!-- QaMax.QaMax.LoginAccount -->
    </test> <!-- Default test -->
  </suite> <!-- Default suite -->
</testng-results>
