<?xml version="1.0" encoding="UTF-8"?>
<!-- Generated by org.testng.reporters.JUnitXMLReporter -->
<testsuite ignored="0" hostname="DESKTOP-HAO5JAG" failures="0" tests="3" name="Default test" time="86.964" errors="0" timestamp="2022-05-15T14:37:44 CDT">
  <testcase classname="QaMax.QaMax.LoginAccount" name="memberLogin" time="13.495"/>
  <testcase classname="QaMax.QaMax.LoginAccount" name="memberLogin" time="18.901"/>
  <testcase classname="QaMax.QaMax.LoginAccount" name="memberLogin" time="15.772"/>
</testsuite> <!-- Default test -->
